2015-11-09T15:33:50.372+0800 I JOURNAL  [initandlisten] journal dir=G:\wxnode\wxapp\db\journal
2015-11-09T15:33:50.374+0800 I JOURNAL  [initandlisten] recover : no journal files present, no recovery needed
2015-11-09T15:33:50.385+0800 I JOURNAL  [durability] Durability thread started
2015-11-09T15:33:50.386+0800 I JOURNAL  [journal writer] Journal writer thread started
2015-11-09T15:33:50.388+0800 I CONTROL  [initandlisten] MongoDB starting : pid=7696 port=27017 dbpath=G:\wxnode\wxapp\db 64-bit host=May
2015-11-09T15:33:50.388+0800 I CONTROL  [initandlisten] targetMinOS: Windows 7/Windows Server 2008 R2
2015-11-09T15:33:50.388+0800 I CONTROL  [initandlisten] db version v3.0.6
2015-11-09T15:33:50.389+0800 I CONTROL  [initandlisten] git version: 1ef45a23a4c5e3480ac919b28afcba3c615488f2
2015-11-09T15:33:50.389+0800 I CONTROL  [initandlisten] build info: windows sys.getwindowsversion(major=6, minor=1, build=7601, platform=2, service_pack='Service Pack 1') BOOST_LIB_VERSION=1_49
2015-11-09T15:33:50.389+0800 I CONTROL  [initandlisten] allocator: tcmalloc
2015-11-09T15:33:50.389+0800 I CONTROL  [initandlisten] options: { storage: { dbPath: "G:\wxnode\wxapp\db" }, systemLog: { destination: "file", logAppend: true, path: "G:\wxnode\wxapp\logs\mongodb.log" } }
2015-11-09T15:33:50.402+0800 I NETWORK  [initandlisten] waiting for connections on port 27017
2015-11-09T15:39:10.351+0800 I CONTROL  Ctrl-C signal
2015-11-09T15:39:10.351+0800 I CONTROL  [consoleTerminate] got CTRL_C_EVENT, will terminate after current cmd ends
2015-11-09T15:39:10.351+0800 I CONTROL  [consoleTerminate] now exiting
2015-11-09T15:39:10.351+0800 I NETWORK  [consoleTerminate] shutdown: going to close listening sockets...
2015-11-09T15:39:10.351+0800 I NETWORK  [consoleTerminate] closing listening socket: 792
2015-11-09T15:39:10.351+0800 I NETWORK  [consoleTerminate] shutdown: going to flush diaglog...
2015-11-09T15:39:10.351+0800 I NETWORK  [consoleTerminate] shutdown: going to close sockets...
2015-11-09T15:39:10.351+0800 I STORAGE  [consoleTerminate] shutdown: waiting for fs preallocator...
2015-11-09T15:39:10.352+0800 I STORAGE  [consoleTerminate] shutdown: final commit...
2015-11-09T15:39:10.353+0800 I JOURNAL  [consoleTerminate] journalCleanup...
2015-11-09T15:39:10.353+0800 I JOURNAL  [consoleTerminate] removeJournalFiles
2015-11-09T15:39:10.354+0800 I JOURNAL  [consoleTerminate] Terminating durability thread ...
2015-11-09T15:39:10.455+0800 I JOURNAL  [journal writer] Journal writer thread stopped
2015-11-09T15:39:10.455+0800 I JOURNAL  [durability] Durability thread stopped
2015-11-09T15:39:10.455+0800 I STORAGE  [consoleTerminate] shutdown: closing all files...
2015-11-09T15:39:10.458+0800 I STORAGE  [consoleTerminate] closeAllFiles() finished
2015-11-09T15:39:10.458+0800 I STORAGE  [consoleTerminate] shutdown: removing fs lock...
2015-11-09T15:39:10.459+0800 I CONTROL  [consoleTerminate] dbexit:  rc: 12
